<?xml version="1.0" encoding="UTF-8"?>
<!-- Generated by org.testng.reporters.JUnitReportReporter -->
<testsuite hostname="Lenovo" name="practice.Practise3Test" tests="2" failures="0" timestamp="19 Jul 2022 04:29:13 GMT" time="0.036" errors="0">
  <testcase name="test2" time="0.000" classname="practice.Practise3Test"/>
  <testcase name="test1" time="0.036" classname="practice.Practise3Test"/>
</testsuite> <!-- practice.Practise3Test -->
