<?xml version="1.0" encoding="UTF-8"?>
<!-- Generated by org.testng.reporters.JUnitReportReporter -->
<testsuite hostname="Lenovo" name="practice.Practice1Test" tests="1" failures="0" timestamp="19 Jul 2022 09:21:20 GMT" time="0.045" errors="0">
  <testcase name="practice1Test" time="0.045" classname="practice.Practice1Test"/>
</testsuite> <!-- practice.Practice1Test -->
