<?xml version="1.0" encoding="UTF-8"?>
<!-- Generated by org.testng.reporters.JUnitReportReporter -->
<testsuite hostname="Lenovo" failures="0" tests="2" name="practice.Practise3Test" time="0.007" errors="0" timestamp="2022-07-19T09:57:41 IST" skipped="0">
  <testcase classname="practice.Practise3Test" name="test2" time="0.001"/>
  <system-out/>
  <testcase classname="practice.Practise3Test" name="test1" time="0.006"/>
  <system-out/>
</testsuite> <!-- practice.Practise3Test -->
