<?xml version="1.0" encoding="UTF-8"?>
<!-- Generated by org.testng.reporters.JUnitReportReporter -->
<testsuite hostname="Lenovo" failures="0" tests="1" name="practice.Practice1Test" time="0.007" errors="0" timestamp="2022-07-19T09:54:57 IST" skipped="0">
  <testcase classname="practice.Practice1Test" name="practice1Test" time="0.007"/>
  <system-out/>
</testsuite> <!-- practice.Practice1Test -->
